  ofxBaseGui.cpp
  ofxButton.cpp
  ofxGuiGroup.cpp
  ofxLabel.cpp
  ofxPanel.cpp
  ofxSlider.cpp
  ofxSliderGroup.cpp
  ofxToggle.cpp
C:\Users\Hansung\Desktop\cpp\of_v0.9.8_vs_release\libs\openFrameworks\math\ofVec3f.h : warning C4819: The file contains a character that cannot be represented in the current code page (949). Save the file in Unicode format to prevent data loss (compiling source file ..\of_v0.9.8_vs_release\addons\ofxGui\src\ofxButton.cpp)
c:\users\hansung\desktop\cpp\of_v0.9.8_vs_release\libs\openframeworks\math\ofVec2f.h : warning C4819: The file contains a character that cannot be represented in the current code page (949). Save the file in Unicode format to prevent data loss (compiling source file ..\of_v0.9.8_vs_release\addons\ofxGui\src\ofxButton.cpp)
c:\users\hansung\desktop\cpp\of_v0.9.8_vs_release\libs\openframeworks\math\ofVec3f.h : warning C4819: The file contains a character that cannot be represented in the current code page (949). Save the file in Unicode format to prevent data loss (compiling source file ..\of_v0.9.8_vs_release\addons\ofxGui\src\ofxBaseGui.cpp)
c:\users\hansung\desktop\cpp\of_v0.9.8_vs_release\libs\openframeworks\math\ofVec2f.h : warning C4819: The file contains a character that cannot be represented in the current code page (949). Save the file in Unicode format to prevent data loss (compiling source file ..\of_v0.9.8_vs_release\addons\ofxGui\src\ofxBaseGui.cpp)
C:\Users\Hansung\Desktop\cpp\of_v0.9.8_vs_release\libs\openFrameworks\math\ofVec3f.h : warning C4819: The file contains a character that cannot be represented in the current code page (949). Save the file in Unicode format to prevent data loss (compiling source file ..\of_v0.9.8_vs_release\addons\ofxGui\src\ofxToggle.cpp)
c:\users\hansung\desktop\cpp\of_v0.9.8_vs_release\libs\openframeworks\math\ofVec2f.h : warning C4819: The file contains a character that cannot be represented in the current code page (949). Save the file in Unicode format to prevent data loss (compiling source file ..\of_v0.9.8_vs_release\addons\ofxGui\src\ofxToggle.cpp)
c:\users\hansung\desktop\cpp\of_v0.9.8_vs_release\libs\openframeworks\math\ofVec3f.h : warning C4819: The file contains a character that cannot be represented in the current code page (949). Save the file in Unicode format to prevent data loss (compiling source file ..\of_v0.9.8_vs_release\addons\ofxGui\src\ofxGuiGroup.cpp)
c:\users\hansung\desktop\cpp\of_v0.9.8_vs_release\libs\openframeworks\math\ofVec2f.h : warning C4819: The file contains a character that cannot be represented in the current code page (949). Save the file in Unicode format to prevent data loss (compiling source file ..\of_v0.9.8_vs_release\addons\ofxGui\src\ofxGuiGroup.cpp)
c:\users\hansung\desktop\cpp\of_v0.9.8_vs_release\libs\openframeworks\math\ofVec3f.h : warning C4819: The file contains a character that cannot be represented in the current code page (949). Save the file in Unicode format to prevent data loss (compiling source file ..\of_v0.9.8_vs_release\addons\ofxGui\src\ofxPanel.cpp)
c:\users\hansung\desktop\cpp\of_v0.9.8_vs_release\libs\openframeworks\math\ofVec2f.h : warning C4819: The file contains a character that cannot be represented in the current code page (949). Save the file in Unicode format to prevent data loss (compiling source file ..\of_v0.9.8_vs_release\addons\ofxGui\src\ofxPanel.cpp)
c:\users\hansung\desktop\cpp\of_v0.9.8_vs_release\libs\openframeworks\math\ofVec3f.h : warning C4819: The file contains a character that cannot be represented in the current code page (949). Save the file in Unicode format to prevent data loss (compiling source file ..\of_v0.9.8_vs_release\addons\ofxGui\src\ofxLabel.cpp)
c:\users\hansung\desktop\cpp\of_v0.9.8_vs_release\libs\openframeworks\math\ofVec2f.h : warning C4819: The file contains a character that cannot be represented in the current code page (949). Save the file in Unicode format to prevent data loss (compiling source file ..\of_v0.9.8_vs_release\addons\ofxGui\src\ofxLabel.cpp)
c:\users\hansung\desktop\cpp\of_v0.9.8_vs_release\libs\openframeworks\math\ofVec3f.h : warning C4819: The file contains a character that cannot be represented in the current code page (949). Save the file in Unicode format to prevent data loss (compiling source file ..\of_v0.9.8_vs_release\addons\ofxGui\src\ofxSlider.cpp)
c:\users\hansung\desktop\cpp\of_v0.9.8_vs_release\libs\openframeworks\math\ofVec2f.h : warning C4819: The file contains a character that cannot be represented in the current code page (949). Save the file in Unicode format to prevent data loss (compiling source file ..\of_v0.9.8_vs_release\addons\ofxGui\src\ofxSlider.cpp)
c:\users\hansung\desktop\cpp\of_v0.9.8_vs_release\libs\openframeworks\math\ofVec3f.h : warning C4819: The file contains a character that cannot be represented in the current code page (949). Save the file in Unicode format to prevent data loss (compiling source file ..\of_v0.9.8_vs_release\addons\ofxGui\src\ofxSliderGroup.cpp)
c:\users\hansung\desktop\cpp\of_v0.9.8_vs_release\libs\openframeworks\math\ofVec2f.h : warning C4819: The file contains a character that cannot be represented in the current code page (949). Save the file in Unicode format to prevent data loss (compiling source file ..\of_v0.9.8_vs_release\addons\ofxGui\src\ofxSliderGroup.cpp)
  main.cpp
  ofApp.cpp
C:\Users\Hansung\Desktop\cpp\of_v0.9.8_vs_release\libs\openFrameworks\math\ofVec3f.h : warning C4819: The file contains a character that cannot be represented in the current code page (949). Save the file in Unicode format to prevent data loss (compiling source file src\ofApp.cpp)
c:\users\hansung\desktop\cpp\of_v0.9.8_vs_release\libs\openframeworks\math\ofVec2f.h : warning C4819: The file contains a character that cannot be represented in the current code page (949). Save the file in Unicode format to prevent data loss (compiling source file src\ofApp.cpp)
c:\users\hansung\desktop\cpp\of_v0.9.8_vs_release\libs\openframeworks\math\ofVec3f.h : warning C4819: The file contains a character that cannot be represented in the current code page (949). Save the file in Unicode format to prevent data loss (compiling source file src\main.cpp)
c:\users\hansung\desktop\cpp\of_v0.9.8_vs_release\libs\openframeworks\math\ofVec2f.h : warning C4819: The file contains a character that cannot be represented in the current code page (949). Save the file in Unicode format to prevent data loss (compiling source file src\main.cpp)
     Creating library bin\2108.lib and object bin\2108.exp
  LINK : /LTCG specified but no code generation required; remove /LTCG from the link command line to improve linker performance
  2108.vcxproj -> C:\Users\Hansung\Desktop\cpp\2108\bin\2108.exe
  
  	                   9	C:\Users\Hansung\Desktop\cpp\of_v0.9.8_vs_release\export\vs\Win32\
